<?xml version="1.0" encoding="UTF-8"?>
<!-- Generated by org.testng.reporters.JUnitReportReporter -->
<testsuite hostname="DESKTOP-P98867E" failures="0" tests="1" name="Runner.Runnerlogin" time="9.444" errors="0" timestamp="2024-03-12T12:58:29 IST" skipped="0">
  <testcase classname="Runner.Runnerlogin" name="runScenario" time="9.444"/>
  <system-out/>
</testsuite> <!-- Runner.Runnerlogin -->
